<?xml version="1.0" encoding="UTF-8"?>
<robot generator="Robot 7.4.2 (Python 3.13.12 on win32)" generated="2026-03-28T13:18:18.103081" rpa="false" schemaversion="5">
<suite id="s1" name="Screenshots" source="C:\Python\Testing\selenium\28_March\screenshots.robot">
<test id="s1-t1" name="Screenshots" line="7">
<kw name="Set Screenshot Directory" owner="SeleniumLibrary">
<arg>C:\\Python\\Testing\\selenium\\28_March/../Screenshots</arg>
<doc>Sets the directory for captured screenshots.</doc>
<status status="PASS" start="2026-03-28T13:18:18.416525" elapsed="0.000369"/>
</kw>
<kw name="Open Browser" owner="SeleniumLibrary">
<msg time="2026-03-28T13:18:18.417548" level="INFO">Opening browser 'chrome' to base url 'https://in.bookmyshow.com/explore/home/jaipur'.</msg>
<arg>${url}</arg>
<arg>chrome</arg>
<doc>Opens a new browser instance to the optional ``url``.</doc>
<status status="PASS" start="2026-03-28T13:18:18.417317" elapsed="5.761933"/>
</kw>
<kw name="Maximize Browser Window" owner="SeleniumLibrary">
<doc>Maximizes current browser window.</doc>
<status status="PASS" start="2026-03-28T13:18:24.180760" elapsed="0.099880"/>
</kw>
<kw name="Sleep" owner="BuiltIn">
<msg time="2026-03-28T13:18:29.283725" level="INFO">Slept 5 seconds.</msg>
<arg>5s</arg>
<doc>Pauses the test executed for the given time.</doc>
<status status="PASS" start="2026-03-28T13:18:24.281674" elapsed="5.002286"/>
</kw>
<kw name="Capture Page Screenshot" owner="SeleniumLibrary">
<msg time="2026-03-28T13:18:29.436056" level="INFO" html="true">&lt;/td&gt;&lt;/tr&gt;&lt;tr&gt;&lt;td colspan="3"&gt;&lt;a href="../../Screenshots/fullpage.png"&gt;&lt;img src="../../Screenshots/fullpage.png" width="800px"&gt;&lt;/a&gt;</msg>
<arg>fullpage.png</arg>
<doc>Takes a screenshot of the current page and embeds it into a log file.</doc>
<status status="PASS" start="2026-03-28T13:18:29.284664" elapsed="0.151510"/>
</kw>
<kw name="Sleep" owner="BuiltIn">
<msg time="2026-03-28T13:18:31.437418" level="INFO">Slept 2 seconds.</msg>
<arg>2s</arg>
<doc>Pauses the test executed for the given time.</doc>
<status status="PASS" start="2026-03-28T13:18:29.436506" elapsed="2.001257"/>
</kw>
<kw name="Capture Element Screenshot" owner="SeleniumLibrary">
<msg time="2026-03-28T13:18:31.621828" level="INFO" html="true">&lt;/td&gt;&lt;/tr&gt;&lt;tr&gt;&lt;td colspan="3"&gt;&lt;a href="../../Screenshots/selenium-element-screenshot-1.png"&gt;&lt;img src="../../Screenshots/selenium-element-screenshot-1.png" width="400px"&gt;&lt;/a&gt;</msg>
<arg>xpath=//div[text()="Dhurandhar The Revenge"]</arg>
<doc>Captures a screenshot from the element identified by ``locator`` and embeds it into log file.</doc>
<status status="PASS" start="2026-03-28T13:18:31.438810" elapsed="0.183490"/>
</kw>
<kw name="Capture Element Screenshot" owner="SeleniumLibrary">
<msg time="2026-03-28T13:18:31.880252" level="INFO" html="true">&lt;/td&gt;&lt;/tr&gt;&lt;tr&gt;&lt;td colspan="3"&gt;&lt;a href="../../Screenshots/dhurandhar.png"&gt;&lt;img src="../../Screenshots/dhurandhar.png" width="400px"&gt;&lt;/a&gt;</msg>
<arg>xpath=//img[@alt="Dhurandhar The Revenge"]</arg>
<arg>dhurandhar.png</arg>
<doc>Captures a screenshot from the element identified by ``locator`` and embeds it into log file.</doc>
<status status="PASS" start="2026-03-28T13:18:31.623353" elapsed="0.257157"/>
</kw>
<kw name="Sleep" owner="BuiltIn">
<msg time="2026-03-28T13:18:33.882439" level="INFO">Slept 2 seconds.</msg>
<arg>2s</arg>
<doc>Pauses the test executed for the given time.</doc>
<status status="PASS" start="2026-03-28T13:18:31.881162" elapsed="2.001888"/>
</kw>
<kw name="Close Browser" owner="SeleniumLibrary">
<doc>Closes the current browser.</doc>
<status status="PASS" start="2026-03-28T13:18:33.884730" elapsed="2.223195"/>
</kw>
<status status="PASS" start="2026-03-28T13:18:18.415388" elapsed="17.693594"/>
</test>
<status status="PASS" start="2026-03-28T13:18:18.104782" elapsed="18.007080"/>
</suite>
<statistics>
<total>
<stat pass="1" fail="0" skip="0">All Tests</stat>
</total>
<tag>
</tag>
<suite>
<stat name="Screenshots" id="s1" pass="1" fail="0" skip="0">Screenshots</stat>
</suite>
</statistics>
<errors>
</errors>
</robot>
