<?xml version="1.0" encoding="UTF-8"?>
<robot generator="Robot 7.4.2 (Python 3.13.12 on win32)" generated="2026-04-01T09:29:26.526357" rpa="false" schemaversion="5">
<suite id="s1" name="Task3" source="C:\Python\Testing\Assessment week3_28-03-2026\selenium\30_March\Task3.robot">
<test id="s1-t1" name="Amazon E2E Automation" line="22">
<kw name="Open Browser" owner="SeleniumLibrary">
<msg time="2026-04-01T09:29:27.033274" level="INFO">Opening browser 'chrome' to base url 'https://www.amazon.in/'.</msg>
<arg>${url}</arg>
<arg>chrome</arg>
<doc>Opens a new browser instance to the optional ``url``.</doc>
<status status="PASS" start="2026-04-01T09:29:27.032661" elapsed="15.803196"/>
</kw>
<kw name="Maximize Browser Window" owner="SeleniumLibrary">
<doc>Maximizes current browser window.</doc>
<status status="PASS" start="2026-04-01T09:29:42.836353" elapsed="0.066776"/>
</kw>
<kw name="Wait Until Location Is" owner="SeleniumLibrary">
<arg>https://www.amazon.in/</arg>
<doc>Waits until the current URL is ``expected``.</doc>
<status status="PASS" start="2026-04-01T09:29:42.903524" elapsed="0.014162"/>
</kw>
<kw name="Wait Until Element Is Visible" owner="SeleniumLibrary">
<arg>xpath=//a[text()=" Electronics "]</arg>
<doc>Waits until the element ``locator`` is visible.</doc>
<status status="PASS" start="2026-04-01T09:29:42.918421" elapsed="18.420324"/>
</kw>
<kw name="Click Element" owner="SeleniumLibrary">
<msg time="2026-04-01T09:30:01.340364" level="INFO">Clicking element 'xpath=//a[text()=" Electronics "]'.</msg>
<arg>xpath=//a[text()=" Electronics "]</arg>
<doc>Click the element identified by ``locator``.</doc>
<status status="PASS" start="2026-04-01T09:30:01.339720" elapsed="5.412713"/>
</kw>
<kw name="Wait Until Element Is Enabled" owner="SeleniumLibrary">
<arg>xpath=//input[@aria-labelledby="boAt"]/following-sibling::i</arg>
<doc>Waits until the element ``locator`` is enabled.</doc>
<status status="PASS" start="2026-04-01T09:30:06.752940" elapsed="0.059359"/>
</kw>
<kw name="Click Element" owner="SeleniumLibrary">
<msg time="2026-04-01T09:30:06.813113" level="INFO">Clicking element 'xpath=//input[@aria-labelledby="boAt"]/following-sibling::i'.</msg>
<arg>xpath=//input[@aria-labelledby="boAt"]/following-sibling::i</arg>
<doc>Click the element identified by ``locator``.</doc>
<status status="PASS" start="2026-04-01T09:30:06.812820" elapsed="3.551604"/>
</kw>
<kw name="Get Text" owner="SeleniumLibrary">
<msg time="2026-04-01T09:30:10.455868" level="INFO">${product_name} = Jabra Evolve 20 Stereo Headset with noice canceling mic, Connect to Mobile/Tablet via USB-C/A, Lightweight Headband</msg>
<var>${product_name}</var>
<arg>xpath=(//div[@role="listitem"])[3]/descendant::div[@data-cy="title-recipe"]/descendant::h2/span</arg>
<doc>Returns the text value of the element identified by ``locator``.</doc>
<status status="PASS" start="2026-04-01T09:30:10.365992" elapsed="0.089936"/>
</kw>
<kw name="Click Element" owner="SeleniumLibrary">
<msg time="2026-04-01T09:30:10.456493" level="INFO">Clicking element '(//div[@role="listitem"])[3]/descendant::div[@data-cy="title-recipe"]/a'.</msg>
<arg>(//div[@role="listitem"])[3]/descendant::div[@data-cy="title-recipe"]/a</arg>
<doc>Click the element identified by ``locator``.</doc>
<status status="PASS" start="2026-04-01T09:30:10.456281" elapsed="0.403380"/>
</kw>
<kw name="Switch Window" owner="SeleniumLibrary">
<arg>NEW</arg>
<doc>Switches to browser window matching ``locator``.</doc>
<status status="PASS" start="2026-04-01T09:30:10.860498" elapsed="0.022967"/>
</kw>
<kw name="Sleep" owner="BuiltIn">
<msg time="2026-04-01T09:30:14.885815" level="INFO">Slept 4 seconds.</msg>
<arg>4s</arg>
<doc>Pauses the test executed for the given time.</doc>
<status status="PASS" start="2026-04-01T09:30:10.884076" elapsed="4.001917"/>
</kw>
<kw name="Page Should Contain" owner="SeleniumLibrary">
<msg time="2026-04-01T09:30:20.380664" level="INFO">Current page contains text 'Jabra Evolve 20 Stereo Headset with noice canceling mic, Connect to Mobile/Tablet via USB-C/A, Lightweight Headband'.</msg>
<arg>${product_name}</arg>
<doc>Verifies that current page contains ``text``.</doc>
<status status="PASS" start="2026-04-01T09:30:14.886508" elapsed="5.494252"/>
</kw>
<kw name="Get Text" owner="SeleniumLibrary">
<msg time="2026-04-01T09:30:20.492867" level="INFO">${actual_price} = ₹8,681</msg>
<var>${actual_price}</var>
<arg>xpath=(//div[@class="a-section a-spacing-small aok-align-center"]/descendant::span[@aria-hidden="true"])[2]</arg>
<doc>Returns the text value of the element identified by ``locator``.</doc>
<status status="PASS" start="2026-04-01T09:30:20.381109" elapsed="0.111938"/>
</kw>
<kw name="Get Text" owner="SeleniumLibrary">
<msg time="2026-04-01T09:30:20.539253" level="INFO">${discount} = -44%</msg>
<var>${discount}</var>
<arg>xpath=//span[@class="apex-savings-container"]/span</arg>
<doc>Returns the text value of the element identified by ``locator``.</doc>
<status status="PASS" start="2026-04-01T09:30:20.493790" elapsed="0.045585"/>
</kw>
<kw name="Get Text" owner="SeleniumLibrary">
<msg time="2026-04-01T09:30:20.566199" level="INFO">${discounted_price} = 4,899</msg>
<var>${discounted_price}</var>
<arg>xpath=(//span[@aria-hidden="true"]/descendant::span[@class="a-price-whole"])[6]</arg>
<doc>Returns the text value of the element identified by ``locator``.</doc>
<status status="PASS" start="2026-04-01T09:30:20.540009" elapsed="0.026249"/>
</kw>
<kw name="Log To Console" owner="BuiltIn">
<arg>${actual_price} ${discount} ${discounted_price}</arg>
<doc>Logs the given message to the console.</doc>
<status status="PASS" start="2026-04-01T09:30:20.566650" elapsed="0.001601"/>
</kw>
<kw name="Scroll Element Into View" owner="SeleniumLibrary">
<arg>id=add-to-cart-button</arg>
<doc>Scrolls the element identified by ``locator`` into view.</doc>
<status status="PASS" start="2026-04-01T09:30:20.568590" elapsed="0.381464"/>
</kw>
<kw name="Click Button" owner="SeleniumLibrary">
<msg time="2026-04-01T09:30:20.951578" level="INFO">Clicking button 'id=add-to-cart-button'.</msg>
<arg>id=add-to-cart-button</arg>
<doc>Clicks the button identified by ``locator``.</doc>
<status status="PASS" start="2026-04-01T09:30:20.950973" elapsed="3.136347"/>
</kw>
<kw name="Sleep" owner="BuiltIn">
<msg time="2026-04-01T09:30:26.089244" level="INFO">Slept 2 seconds.</msg>
<arg>2s</arg>
<doc>Pauses the test executed for the given time.</doc>
<status status="PASS" start="2026-04-01T09:30:24.087821" elapsed="2.001837"/>
</kw>
<kw name="Scroll Element Into View" owner="SeleniumLibrary">
<arg>id=nav-cart</arg>
<doc>Scrolls the element identified by ``locator`` into view.</doc>
<status status="PASS" start="2026-04-01T09:30:26.090852" elapsed="0.344202"/>
</kw>
<kw name="Click Element" owner="SeleniumLibrary">
<msg time="2026-04-01T09:30:26.436939" level="INFO">Clicking element 'id=nav-cart'.</msg>
<arg>id=nav-cart</arg>
<doc>Click the element identified by ``locator``.</doc>
<status status="PASS" start="2026-04-01T09:30:26.436169" elapsed="1.830425"/>
</kw>
<kw name="Sleep" owner="BuiltIn">
<msg time="2026-04-01T09:30:31.267536" level="INFO">Slept 3 seconds.</msg>
<arg>3s</arg>
<doc>Pauses the test executed for the given time.</doc>
<status status="PASS" start="2026-04-01T09:30:28.266988" elapsed="3.000715"/>
</kw>
<kw name="Page Should Contain" owner="SeleniumLibrary">
<msg time="2026-04-01T09:30:31.296286" level="INFO">Current page contains text 'Jabra Evolve 20 Stereo Headset with noice canceling mic, Connect to Mobile/Tablet via USB-C/A, Lightweight Headband'.</msg>
<arg>${product_name}</arg>
<doc>Verifies that current page contains ``text``.</doc>
<status status="PASS" start="2026-04-01T09:30:31.268078" elapsed="0.028327"/>
</kw>
<kw name="Sleep" owner="BuiltIn">
<msg time="2026-04-01T09:30:34.298172" level="INFO">Slept 3 seconds.</msg>
<arg>3s</arg>
<doc>Pauses the test executed for the given time.</doc>
<status status="PASS" start="2026-04-01T09:30:31.296831" elapsed="3.001675"/>
</kw>
<kw name="Close Browser" owner="SeleniumLibrary">
<doc>Closes the current browser.</doc>
<status status="PASS" start="2026-04-01T09:30:34.299475" elapsed="2.383012"/>
</kw>
<status status="PASS" start="2026-04-01T09:29:27.031559" elapsed="69.652671"/>
</test>
<status status="PASS" start="2026-04-01T09:29:26.528876" elapsed="70.158282"/>
</suite>
<statistics>
<total>
<stat pass="1" fail="0" skip="0">All Tests</stat>
</total>
<tag>
</tag>
<suite>
<stat name="Task3" id="s1" pass="1" fail="0" skip="0">Task3</stat>
</suite>
</statistics>
<errors>
</errors>
</robot>
